0 info it worked if it ends with ok
1 verbose cli [ '/usr/bin/node', '/usr/bin/npm', 'run', 'test' ]
2 info using npm@1.4.14
3 info using node@v0.10.29
4 verbose node symlink /usr/bin/node
5 verbose run-script [ 'pretest', 'test', 'posttest' ]
6 info pretest bacon-router@0.0.0
7 info test bacon-router@0.0.0
8 verbose unsafe-perm in lifecycle true
9 info bacon-router@0.0.0 Failed to exec test script
10 error bacon-router@0.0.0 test: `tape test/*.js | tap-spec`
10 error Exit status 1
11 error Failed at the bacon-router@0.0.0 test script.
11 error This is most likely a problem with the bacon-router package,
11 error not with npm itself.
11 error Tell the author that this fails on your system:
11 error     tape test/*.js | tap-spec
11 error You can get their info via:
11 error     npm owner ls bacon-router
11 error There is likely additional logging output above.
12 error System Linux 3.2.0-67-generic
13 error command "/usr/bin/node" "/usr/bin/npm" "run" "test"
14 error cwd /home/remy/web/bacon-router
15 error node -v v0.10.29
16 error npm -v 1.4.14
17 error code ELIFECYCLE
18 verbose exit [ 1, true ]
